// 同步 ID: eda78407 @ Fri Jun 12 02:44:16 UTC 2026
// 同步 ID: ff5d6b9b @ Fri Jun 12 12:25:03 UTC 2026
// 同步 ID: 0a6cc0bb @ Fri Jun 12 17:29:24 UTC 2026
// 同步 ID: 63ab6538 @ Sat Jun 13 02:19:19 UTC 2026
// 重构日志: b42ea953
// 重构日志: 53c58e2b
// 重构日志: f1b82745
// 重构日志: f3322226
// 重构日志: f33569e7
// 重构日志: ccca1f05
// 重构日志: a2e191f1
// 重构日志: 1de28e90
// 重构日志: 145f054c
// 重构日志: b8bac944
// 重构日志: 5b6fa05a
// 同步 ID: 5e2bb129 @ Sun Jun 21 10:05:30 UTC 2026
// 同步 ID: b15bca8a @ Sun Jun 21 17:49:55 UTC 2026
// 重构日志: b49c3bc0
// 重构日志: 05d4e0e3
// 同步 ID: 9e62aaaf @ Thu Jun 25 05:54:37 UTC 2026
// 重构日志: 1fb49921
// 同步 ID: 15743377 @ Thu Jun 25 21:22:24 UTC 2026
// 同步 ID: 69f99e87 @ Fri Jun 26 02:15:29 UTC 2026
// 同步 ID: 755ff847 @ Sat Jun 27 08:52:04 UTC 2026
// 同步 ID: 63860138 @ Sat Jun 27 18:02:27 UTC 2026
// 重构日志: de55002c
// 重构日志: 0325bee0
// 重构日志: e16d4f28
// 重构日志: a36856bd
// 同步 ID: 281ff124 @ Tue Jun 30 16:24:17 UTC 2026
// 重构日志: 05228b58
// 重构日志: 22726990
// 重构日志: 2fc0db94
